<?xml version="1.0" encoding="UTF-8"?>
<testsuite name="org.github.felipegutierrez.evolve.completablefuture.CompletableFutureHelloWorldTest" tests="1" skipped="0" failures="0" errors="0" timestamp="2021-04-15T13:41:40" hostname="stamina" time="1.135">
  <properties/>
  <testcase name="helloWorldCombined4UpperCaseWithCustomThreadPoolAndAsync()" classname="org.github.felipegutierrez.evolve.completablefuture.CompletableFutureHelloWorldTest" time="1.135"/>
  <system-out><![CDATA[[pool-1-thread-1] - thenApply toUpperCase
[pool-1-thread-1] - Hello is: HELLO
[pool-1-thread-3] - thenApply toUpperCase
[pool-1-thread-4] - thenApply toUpperCase
[pool-1-thread-2] - inside world
[pool-1-thread-2] - thenApply toUpperCase
[pool-1-thread-4] - thenCombineAsync World
[pool-1-thread-4] - thenCombineAsync Hi (previous, current)
[pool-1-thread-4] - thenCombineAsync Bye (previous, current)
]]></system-out>
  <system-err><![CDATA[]]></system-err>
</testsuite>
