<?xml version="1.0" encoding="UTF-8"?>
<testsuite name="org.github.felipegutierrez.evolve.streams.ArrayListSpliteratorExampleTest" tests="12" skipped="0" failures="0" errors="0" timestamp="2021-04-15T12:03:11" hostname="stamina" time="2.784">
  <properties/>
  <testcase name="repetition 1 of 5" classname="org.github.felipegutierrez.evolve.streams.ArrayListSpliteratorExampleTest" time="0.204"/>
  <testcase name="repetition 2 of 5" classname="org.github.felipegutierrez.evolve.streams.ArrayListSpliteratorExampleTest" time="0.145"/>
  <testcase name="repetition 3 of 5" classname="org.github.felipegutierrez.evolve.streams.ArrayListSpliteratorExampleTest" time="0.058"/>
  <testcase name="repetition 4 of 5" classname="org.github.felipegutierrez.evolve.streams.ArrayListSpliteratorExampleTest" time="0.231"/>
  <testcase name="repetition 5 of 5" classname="org.github.felipegutierrez.evolve.streams.ArrayListSpliteratorExampleTest" time="0.104"/>
  <testcase name="multiplyEachValueList()" classname="org.github.felipegutierrez.evolve.streams.ArrayListSpliteratorExampleTest" time="0.003"/>
  <testcase name="multiplyEachValueSet()" classname="org.github.felipegutierrez.evolve.streams.ArrayListSpliteratorExampleTest" time="0.003"/>
  <testcase name="repetition 1 of 5" classname="org.github.felipegutierrez.evolve.streams.ArrayListSpliteratorExampleTest" time="0.063"/>
  <testcase name="repetition 2 of 5" classname="org.github.felipegutierrez.evolve.streams.ArrayListSpliteratorExampleTest" time="0.195"/>
  <testcase name="repetition 3 of 5" classname="org.github.felipegutierrez.evolve.streams.ArrayListSpliteratorExampleTest" time="0.175"/>
  <testcase name="repetition 4 of 5" classname="org.github.felipegutierrez.evolve.streams.ArrayListSpliteratorExampleTest" time="0.211"/>
  <testcase name="repetition 5 of 5" classname="org.github.felipegutierrez.evolve.streams.ArrayListSpliteratorExampleTest" time="0.156"/>
  <system-out><![CDATA[[Test worker] - Total Time Taken : 192
Parallel: [false] - total time: 192
[Test worker] - Total Time Taken : 144
Parallel: [false] - total time: 144
[Test worker] - Total Time Taken : 55
Parallel: [false] - total time: 55
[Test worker] - Total Time Taken : 227
Parallel: [false] - total time: 227
[Test worker] - Total Time Taken : 102
Parallel: [false] - total time: 102
[Test worker] - Total Time Taken : 59
Parallel: [true] - total time: 59
[Test worker] - Total Time Taken : 193
Parallel: [true] - total time: 193
[Test worker] - Total Time Taken : 174
Parallel: [true] - total time: 174
[Test worker] - Total Time Taken : 207
Parallel: [true] - total time: 207
[Test worker] - Total Time Taken : 153
Parallel: [true] - total time: 153
]]></system-out>
  <system-err><![CDATA[]]></system-err>
</testsuite>
