<?xml version="1.0" encoding="UTF-8"?>
<testsuite name="org.github.felipegutierrez.evolve.streams.StreamsExampleTest" tests="4" skipped="0" failures="0" errors="0" timestamp="2021-04-14T11:07:12" hostname="stamina" time="5.118">
  <properties/>
  <testcase name="computeStreamParallel02()" classname="org.github.felipegutierrez.evolve.streams.StreamsExampleTest" time="0.514"/>
  <testcase name="computeStream()" classname="org.github.felipegutierrez.evolve.streams.StreamsExampleTest" time="2.006"/>
  <testcase name="[1] false" classname="org.github.felipegutierrez.evolve.streams.StreamsExampleTest" time="2.035"/>
  <testcase name="[2] true" classname="org.github.felipegutierrez.evolve.streams.StreamsExampleTest" time="0.504"/>
  <system-out><![CDATA[[Test worker] - namesList : [Bob, Jamie, Jill, Rick]
[Test worker] - Total Time Taken : 505
[Test worker] - resultList : [3 - Bob, 5 - Jamie, 4 - Jill, 4 - Rick]
[3 - Bob, 5 - Jamie, 4 - Jill, 4 - Rick]
Total time taken : 505
[Test worker] - namesList : [Bob, Jamie, Jill, Rick]
[Test worker] - Total Time Taken : 2001
[Test worker] - resultList : [3 - Bob, 5 - Jamie, 4 - Jill, 4 - Rick]
[3 - Bob, 5 - Jamie, 4 - Jill, 4 - Rick]
Total time taken : 2001
[Test worker] - namesList : [Bob, Jamie, Jill, Rick]
[Test worker] - Total Time Taken : 2001
[Test worker] - resultList : [3 - Bob, 5 - Jamie, 4 - Jill, 4 - Rick]
[3 - Bob, 5 - Jamie, 4 - Jill, 4 - Rick]
Total time taken : 2001
[Test worker] - namesList : [Bob, Jamie, Jill, Rick]
[Test worker] - Total Time Taken : 500
[Test worker] - resultList : [3 - Bob, 5 - Jamie, 4 - Jill, 4 - Rick]
[3 - Bob, 5 - Jamie, 4 - Jill, 4 - Rick]
Total time taken : 500
]]></system-out>
  <system-err><![CDATA[]]></system-err>
</testsuite>
